{"__type":"$$EventMessageAudit","id":"b1c36fd8-5336-469f-88ef-67f4c90b2d77","ts":"2025-09-24T23:39:52.713+00:00","eventName":"n8n.audit.workflow.created","message":"n8n.audit.workflow.created","payload":{"userId":"47938386-ec71-4b83-980d-37d83b60b039","_email":"felipesilfaria@gmail.com","_firstName":"Felipe","_lastName":"Faria","globalRole":"global:owner","workflowId":"333nPSZvbPodpVBe","workflowName":"My workflow"}}
{"__type":"$$EventMessageConfirm","confirm":"b1c36fd8-5336-469f-88ef-67f4c90b2d77","ts":"2025-09-24T23:39:52.714+00:00","source":{"id":"0","name":"eventBus"}}
{"__type":"$$EventMessageWorkflow","id":"7bb4e42d-14c1-4c90-8688-cc33b5e5c54b","ts":"2025-09-24T23:39:52.993+00:00","eventName":"n8n.workflow.started","message":"n8n.workflow.started","payload":{"executionId":"1","workflowId":"333nPSZvbPodpVBe","isManual":false,"workflowName":"My workflow"}}
{"__type":"$$EventMessageConfirm","confirm":"7bb4e42d-14c1-4c90-8688-cc33b5e5c54b","ts":"2025-09-24T23:39:52.993+00:00","source":{"id":"0","name":"eventBus"}}
{"__type":"$$EventMessageNode","id":"5373bd05-a0b7-41c6-987f-d79b11d16d8a","ts":"2025-09-24T23:39:52.994+00:00","eventName":"n8n.node.started","message":"n8n.node.started","payload":{"workflowId":"333nPSZvbPodpVBe","workflowName":"My workflow","executionId":"1","nodeType":"n8n-nodes-base.manualTrigger","nodeName":"When clicking ‘Execute workflow’","nodeId":"e4105fb8-17c0-48ed-a817-e5835b962556"}}
{"__type":"$$EventMessageConfirm","confirm":"5373bd05-a0b7-41c6-987f-d79b11d16d8a","ts":"2025-09-24T23:39:52.994+00:00","source":{"id":"0","name":"eventBus"}}
{"__type":"$$EventMessageNode","id":"e2985ea5-776e-40d1-b266-c9b01117c325","ts":"2025-09-24T23:39:52.998+00:00","eventName":"n8n.node.finished","message":"n8n.node.finished","payload":{"workflowId":"333nPSZvbPodpVBe","workflowName":"My workflow","executionId":"1","nodeType":"n8n-nodes-base.manualTrigger","nodeName":"When clicking ‘Execute workflow’","nodeId":"e4105fb8-17c0-48ed-a817-e5835b962556"}}
{"__type":"$$EventMessageConfirm","confirm":"e2985ea5-776e-40d1-b266-c9b01117c325","ts":"2025-09-24T23:39:52.998+00:00","source":{"id":"0","name":"eventBus"}}
{"__type":"$$EventMessageNode","id":"9cbdefbb-7840-4a4e-bf10-eabe058ca786","ts":"2025-09-24T23:39:52.999+00:00","eventName":"n8n.node.started","message":"n8n.node.started","payload":{"workflowId":"333nPSZvbPodpVBe","workflowName":"My workflow","executionId":"1","nodeType":"CUSTOM.random","nodeName":"Random","nodeId":"98192f13-3b73-486d-9e8e-86282d476469"}}
{"__type":"$$EventMessageConfirm","confirm":"9cbdefbb-7840-4a4e-bf10-eabe058ca786","ts":"2025-09-24T23:39:52.999+00:00","source":{"id":"0","name":"eventBus"}}
{"__type":"$$EventMessageNode","id":"1dc18e50-122d-42d7-bf15-58b439acb1a0","ts":"2025-09-24T23:39:53.633+00:00","eventName":"n8n.node.finished","message":"n8n.node.finished","payload":{"workflowId":"333nPSZvbPodpVBe","workflowName":"My workflow","executionId":"1","nodeType":"CUSTOM.random","nodeName":"Random","nodeId":"98192f13-3b73-486d-9e8e-86282d476469"}}
{"__type":"$$EventMessageConfirm","confirm":"1dc18e50-122d-42d7-bf15-58b439acb1a0","ts":"2025-09-24T23:39:53.633+00:00","source":{"id":"0","name":"eventBus"}}
{"__type":"$$EventMessageWorkflow","id":"53ce9a16-53df-464c-8b2c-471300a8fe4e","ts":"2025-09-24T23:39:53.642+00:00","eventName":"n8n.workflow.success","message":"n8n.workflow.success","payload":{"userId":"47938386-ec71-4b83-980d-37d83b60b039","executionId":"1","success":true,"isManual":true,"workflowId":"333nPSZvbPodpVBe","workflowName":"My workflow"}}
{"__type":"$$EventMessageConfirm","confirm":"53ce9a16-53df-464c-8b2c-471300a8fe4e","ts":"2025-09-24T23:39:53.643+00:00","source":{"id":"0","name":"eventBus"}}
{"__type":"$$EventMessageWorkflow","id":"a7114654-30d7-484a-9d97-25b59da4a4c6","ts":"2025-09-24T23:40:06.987+00:00","eventName":"n8n.workflow.started","message":"n8n.workflow.started","payload":{"executionId":"2","workflowId":"333nPSZvbPodpVBe","isManual":false,"workflowName":"My workflow"}}
{"__type":"$$EventMessageConfirm","confirm":"a7114654-30d7-484a-9d97-25b59da4a4c6","ts":"2025-09-24T23:40:06.987+00:00","source":{"id":"0","name":"eventBus"}}
{"__type":"$$EventMessageNode","id":"893dbbb4-63b0-4332-9b13-bdfc99a36e10","ts":"2025-09-24T23:40:06.988+00:00","eventName":"n8n.node.started","message":"n8n.node.started","payload":{"workflowId":"333nPSZvbPodpVBe","workflowName":"My workflow","executionId":"2","nodeType":"CUSTOM.random","nodeName":"Random","nodeId":"98192f13-3b73-486d-9e8e-86282d476469"}}
{"__type":"$$EventMessageConfirm","confirm":"893dbbb4-63b0-4332-9b13-bdfc99a36e10","ts":"2025-09-24T23:40:06.988+00:00","source":{"id":"0","name":"eventBus"}}
{"__type":"$$EventMessageNode","id":"631e7930-1a2a-4a88-ba1a-29634064c6fb","ts":"2025-09-24T23:40:07.433+00:00","eventName":"n8n.node.finished","message":"n8n.node.finished","payload":{"workflowId":"333nPSZvbPodpVBe","workflowName":"My workflow","executionId":"2","nodeType":"CUSTOM.random","nodeName":"Random","nodeId":"98192f13-3b73-486d-9e8e-86282d476469"}}
{"__type":"$$EventMessageConfirm","confirm":"631e7930-1a2a-4a88-ba1a-29634064c6fb","ts":"2025-09-24T23:40:07.433+00:00","source":{"id":"0","name":"eventBus"}}
{"__type":"$$EventMessageWorkflow","id":"98a5b49a-d50a-47ea-b2d1-b254f41c24b2","ts":"2025-09-24T23:40:07.437+00:00","eventName":"n8n.workflow.success","message":"n8n.workflow.success","payload":{"userId":"47938386-ec71-4b83-980d-37d83b60b039","executionId":"2","success":true,"isManual":true,"workflowId":"333nPSZvbPodpVBe","workflowName":"My workflow"}}
{"__type":"$$EventMessageConfirm","confirm":"98a5b49a-d50a-47ea-b2d1-b254f41c24b2","ts":"2025-09-24T23:40:07.437+00:00","source":{"id":"0","name":"eventBus"}}
{"__type":"$$EventMessageWorkflow","id":"638b09e5-7761-4055-a5e0-280eae70fd33","ts":"2025-09-24T23:41:19.069+00:00","eventName":"n8n.workflow.started","message":"n8n.workflow.started","payload":{"executionId":"3","workflowId":"333nPSZvbPodpVBe","isManual":false,"workflowName":"My workflow"}}
{"__type":"$$EventMessageConfirm","confirm":"638b09e5-7761-4055-a5e0-280eae70fd33","ts":"2025-09-24T23:41:19.070+00:00","source":{"id":"0","name":"eventBus"}}
{"__type":"$$EventMessageNode","id":"0051c037-f7fc-4e12-b4a7-957740308b71","ts":"2025-09-24T23:41:19.070+00:00","eventName":"n8n.node.started","message":"n8n.node.started","payload":{"workflowId":"333nPSZvbPodpVBe","workflowName":"My workflow","executionId":"3","nodeType":"CUSTOM.random","nodeName":"Random","nodeId":"98192f13-3b73-486d-9e8e-86282d476469"}}
{"__type":"$$EventMessageConfirm","confirm":"0051c037-f7fc-4e12-b4a7-957740308b71","ts":"2025-09-24T23:41:19.070+00:00","source":{"id":"0","name":"eventBus"}}
{"__type":"$$EventMessageNode","id":"60692b88-3fbe-4a7d-945f-72dbd5d836bc","ts":"2025-09-24T23:41:19.512+00:00","eventName":"n8n.node.finished","message":"n8n.node.finished","payload":{"workflowId":"333nPSZvbPodpVBe","workflowName":"My workflow","executionId":"3","nodeType":"CUSTOM.random","nodeName":"Random","nodeId":"98192f13-3b73-486d-9e8e-86282d476469"}}
{"__type":"$$EventMessageConfirm","confirm":"60692b88-3fbe-4a7d-945f-72dbd5d836bc","ts":"2025-09-24T23:41:19.512+00:00","source":{"id":"0","name":"eventBus"}}
{"__type":"$$EventMessageWorkflow","id":"25a61aad-9722-49b1-bc6a-63a26ab7f0b3","ts":"2025-09-24T23:41:19.514+00:00","eventName":"n8n.workflow.success","message":"n8n.workflow.success","payload":{"userId":"47938386-ec71-4b83-980d-37d83b60b039","executionId":"3","success":true,"isManual":true,"workflowId":"333nPSZvbPodpVBe","workflowName":"My workflow"}}
{"__type":"$$EventMessageConfirm","confirm":"25a61aad-9722-49b1-bc6a-63a26ab7f0b3","ts":"2025-09-24T23:41:19.514+00:00","source":{"id":"0","name":"eventBus"}}
